
SQL*Loader: Release 11.1.0.6.0 - Production on Fri Aug 22 12:46:15 2008

Copyright (c) 1982, 2007, Oracle.  All rights reserved.

Control File:   Oracle\dbo_Northwind.CustomerDemographics.ctl
Data File:      [Northwind].[dbo].[CustomerDemographics].dat
  File processing option string: "str '<EORD>'"
  Bad File:     Oracle\[Northwind].[dbo].[CustomerDemographics].bad
  Discard File:  none specified
 
 (Allow all discards)

Number to load: ALL
Number to skip: 0
Errors allowed: 50
Bind array:     64 rows, maximum of 256000 bytes
Continuation:    none specified
Path used:      Conventional

Table DBO_NORTHWIND.CUSTOMERDEMOGRAPHICS, loaded from every logical record.
Insert option in effect for this table: INSERT
TRAILING NULLCOLS option in effect

   Column Name                  Position   Len  Term Encl Datatype
------------------------------ ---------- ----- ---- ---- ---------------------
CUSTOMERTYPEID                      FIRST     *           CHARACTER            
    Terminator string : '<EOFD>'
    SQL string for column : "DECODE(:CustomerTypeID, CHR(00), ' ', :CustomerTypeID)"
CUSTOMERDESC                         NEXT *****           CHARACTER            
    Maximum field length is 2000000
    Terminator string : '<EOFD>'

value used for ROWS parameter changed from 64 to 1

Table DBO_NORTHWIND.CUSTOMERDEMOGRAPHICS:
  0 Rows successfully loaded.
  0 Rows not loaded due to data errors.
  0 Rows not loaded because all WHEN clauses were failed.
  0 Rows not loaded because all fields were null.


Space allocated for bind array:                2000262 bytes(1 rows)
Read   buffer bytes: 1048576

Total logical records skipped:          0
Total logical records read:             0
Total logical records rejected:         0
Total logical records discarded:        0

Run began on Fri Aug 22 12:46:15 2008
Run ended on Fri Aug 22 12:46:15 2008

Elapsed time was:     00:00:00.06
CPU time was:         00:00:00.01
