
SQL*Loader: Release 11.1.0.6.0 - Production on Fri Aug 22 12:46:16 2008

Copyright (c) 1982, 2007, Oracle.  All rights reserved.

Control File:   Oracle\dbo_Northwind.Shippers.ctl
Data File:      [Northwind].[dbo].[Shippers].dat
  File processing option string: "str '<EORD>'"
  Bad File:     Oracle\[Northwind].[dbo].[Shippers].bad
  Discard File:  none specified
 
 (Allow all discards)

Number to load: ALL
Number to skip: 0
Errors allowed: 50
Bind array:     64 rows, maximum of 256000 bytes
Continuation:    none specified
Path used:      Conventional

Table DBO_NORTHWIND.SHIPPERS, loaded from every logical record.
Insert option in effect for this table: INSERT
TRAILING NULLCOLS option in effect

   Column Name                  Position   Len  Term Encl Datatype
------------------------------ ---------- ----- ---- ---- ---------------------
SHIPPERID                           FIRST     *           CHARACTER            
    Terminator string : '<EOFD>'
COMPANYNAME                          NEXT     *           CHARACTER            
    Terminator string : '<EOFD>'
    SQL string for column : "DECODE(:CompanyName, CHR(00), ' ', :CompanyName)"
PHONE                                NEXT     *           CHARACTER            
    Terminator string : '<EOFD>'
    SQL string for column : "DECODE(:Phone, CHR(00), ' ', :Phone)"


Table DBO_NORTHWIND.SHIPPERS:
  3 Rows successfully loaded.
  0 Rows not loaded due to data errors.
  0 Rows not loaded because all WHEN clauses were failed.
  0 Rows not loaded because all fields were null.


Space allocated for bind array:                  49536 bytes(64 rows)
Read   buffer bytes: 1048576

Total logical records skipped:          0
Total logical records read:             3
Total logical records rejected:         0
Total logical records discarded:        0

Run began on Fri Aug 22 12:46:16 2008
Run ended on Fri Aug 22 12:46:16 2008

Elapsed time was:     00:00:00.08
CPU time was:         00:00:00.03
