
SQL*Loader: Release 11.1.0.6.0 - Production on Fri Aug 22 12:46:15 2008

Copyright (c) 1982, 2007, Oracle.  All rights reserved.

Control File:   Oracle\dbo_Northwind.Region.ctl
Data File:      [Northwind].[dbo].[Region].dat
  File processing option string: "str '<EORD>'"
  Bad File:     Oracle\[Northwind].[dbo].[Region].bad
  Discard File:  none specified
 
 (Allow all discards)

Number to load: ALL
Number to skip: 0
Errors allowed: 50
Bind array:     64 rows, maximum of 256000 bytes
Continuation:    none specified
Path used:      Conventional

Table DBO_NORTHWIND.REGION, loaded from every logical record.
Insert option in effect for this table: INSERT
TRAILING NULLCOLS option in effect

   Column Name                  Position   Len  Term Encl Datatype
------------------------------ ---------- ----- ---- ---- ---------------------
REGIONID                            FIRST     *           CHARACTER            
    Terminator string : '<EOFD>'
REGIONDESCRIPTION                    NEXT     *           CHARACTER            
    Terminator string : '<EOFD>'
    SQL string for column : "DECODE(:RegionDescription, CHR(00), ' ', :RegionDescription)"


Table DBO_NORTHWIND.REGION:
  4 Rows successfully loaded.
  0 Rows not loaded due to data errors.
  0 Rows not loaded because all WHEN clauses were failed.
  0 Rows not loaded because all fields were null.


Space allocated for bind array:                  33024 bytes(64 rows)
Read   buffer bytes: 1048576

Total logical records skipped:          0
Total logical records read:             4
Total logical records rejected:         0
Total logical records discarded:        0

Run began on Fri Aug 22 12:46:15 2008
Run ended on Fri Aug 22 12:46:15 2008

Elapsed time was:     00:00:00.07
CPU time was:         00:00:00.02
