
SQL*Loader: Release 11.1.0.6.0 - Production on Fri Aug 22 12:46:16 2008

Copyright (c) 1982, 2007, Oracle.  All rights reserved.

Control File:   Oracle\dbo_Northwind.Categories.ctl
Data File:      [Northwind].[dbo].[Categories].dat
  File processing option string: "str '<EORD>'"
  Bad File:     Oracle\[Northwind].[dbo].[Categories].bad
  Discard File:  none specified
 
 (Allow all discards)

Number to load: ALL
Number to skip: 0
Errors allowed: 50
Bind array:     64 rows, maximum of 256000 bytes
Continuation:    none specified
Path used:      Conventional

Table DBO_NORTHWIND.CATEGORIES, loaded from every logical record.
Insert option in effect for this table: INSERT
TRAILING NULLCOLS option in effect

   Column Name                  Position   Len  Term Encl Datatype
------------------------------ ---------- ----- ---- ---- ---------------------
CATEGORYID                          FIRST     *           CHARACTER            
    Terminator string : '<EOFD>'
CATEGORYNAME                         NEXT     *           CHARACTER            
    Terminator string : '<EOFD>'
    SQL string for column : "DECODE(:CategoryName, CHR(00), ' ', :CategoryName)"
DESCRIPTION                          NEXT *****           CHARACTER            
    Maximum field length is 2000000
    Terminator string : '<EOFD>'
SQLDEVELOPER_CLOB_4                  NEXT *****           CHARACTER            
    Maximum field length is 2000000
    Terminator string : '<EOFD>'

value used for ROWS parameter changed from 64 to 1

Table DBO_NORTHWIND.CATEGORIES:
  8 Rows successfully loaded.
  0 Rows not loaded due to data errors.
  0 Rows not loaded because all WHEN clauses were failed.
  0 Rows not loaded because all fields were null.


Space allocated for bind array:                4000524 bytes(1 rows)
Read   buffer bytes: 1048576

Total logical records skipped:          0
Total logical records read:             8
Total logical records rejected:         0
Total logical records discarded:        0

Run began on Fri Aug 22 12:46:16 2008
Run ended on Fri Aug 22 12:46:16 2008

Elapsed time was:     00:00:00.17
CPU time was:         00:00:00.06
